\BOOKMARK [0][-]{chapter.1}{\376\377\000G\000i\036\333\000i\000\040\000t\000h\000i\036\307\000u}{}% 1
\BOOKMARK [1][-]{section.1.1}{\376\377\000T\036\325\000n\000g\000\040\000q\000u\000a\000n}{chapter.1}% 2
\BOOKMARK [1][-]{section.1.2}{\376\377\000N\000h\000i\036\307\000m\000\040\000v\036\345\000\040\000l\000u\036\255\000n\000\040\000v\001\003\000n}{chapter.1}% 3
\BOOKMARK [2][-]{subsection.1.2.1}{\376\377\000M\036\345\000c\000\040\001\021\000\355\000c\000h\000\040\000c\036\347\000a\000\040\000l\000u\036\255\000n\000\040\000v\001\003\000n}{section.1.2}% 4
\BOOKMARK [2][-]{subsection.1.2.2}{\376\377\000N\000h\000i\036\307\000m\000\040\000v\036\345\000\040\000c\036\347\000a\000\040\001\021\036\301\000\040\000t\000\340\000i}{section.1.2}% 5
\BOOKMARK [2][-]{subsection.1.2.3}{\376\377\000N\036\331\000i\000\040\000d\000u\000n\000g\000\040\000t\000h\036\361\000c\000\040\000h\000i\036\307\000n}{section.1.2}% 6
\BOOKMARK [0][-]{chapter.2}{\376\377\000L\000\375\000\040\000t\000h\000u\000y\036\277\000t}{}% 7
\BOOKMARK [1][-]{section.2.1}{\376\377\000T\036\325\000n\000g\000\040\000q\000u\000a\000n\000\040\000v\036\301\000\040\000m\036\241\000n\000g\000\040\000c\036\243\000m\000\040\000b\000i\036\277\000n\000\040\000k\000h\000\364\000n\000g\000\040\000d\000\342\000y}{chapter.2}% 8
\BOOKMARK [2][-]{subsection.2.1.1}{\376\377\000G\000i\036\333\000i\000\040\000t\000h\000i\036\307\000u\000\040\000m\036\241\000n\000g\000\040\000c\036\243\000m\000\040\000b\000i\036\277\000n\000\040\000k\000h\000\364\000n\000g\000\040\000d\000\342\000y}{section.2.1}% 9
\BOOKMARK [2][-]{subsection.2.1.2}{\376\377\000C\036\245\000u\000\040\000t\000r\000\372\000c\000\040\000m\036\241\000n\000g\000\040\000c\036\243\000m\000\040\000b\000i\036\277\000n\000\040\000k\000h\000\364\000n\000g\000\040\000d\000\342\000y}{section.2.1}% 10
\BOOKMARK [2][-]{subsection.2.1.3}{\376\377\036\350\000n\000g\000\040\000d\036\345\000n\000g\000\040\000c\036\347\000a\000\040\000m\036\241\000n\000g\000\040\000c\036\243\000m\000\040\000b\000i\036\277\000n\000\040\000k\000h\000\364\000n\000g\000\040\000d\000\342\000y}{section.2.1}% 11
\BOOKMARK [1][-]{section.2.2}{\376\377\000C\000o\000n\000t\000i\000k\000i\000\040\000O\000S\000\040\040\024\000\040\000H\036\307\000\040\001\021\000i\036\301\000u\000\040\000h\000\340\000n\000h\000\040\000m\000\343\000\040\000n\000g\000u\036\323\000n\000\040\000m\036\337\000\040\000c\000h\000o\000\040\000I\000o\000T}{chapter.2}% 12
\BOOKMARK [2][-]{subsection.2.2.1}{\376\377\000A\000p\000p\000l\000i\000c\000a\000t\000i\000o\000n\000\040\000L\000a\000y\000e\000r}{section.2.2}% 13
\BOOKMARK [2][-]{subsection.2.2.2}{\376\377\000T\000r\000a\000n\000s\000p\000o\000r\000t\000\040\000L\000a\000y\000e\000r}{section.2.2}% 14
\BOOKMARK [2][-]{subsection.2.2.3}{\376\377\000N\000e\000t\000w\000o\000r\000k\000\040\000\046\000\040\000R\000o\000u\000t\000i\000n\000g\000\040\000L\000a\000y\000e\000r}{section.2.2}% 15
\BOOKMARK [2][-]{subsection.2.2.4}{\376\377\000A\000d\000a\000p\000t\000a\000t\000i\000o\000n\000\040\000L\000a\000y\000e\000r}{section.2.2}% 16
\BOOKMARK [2][-]{subsection.2.2.5}{\376\377\000M\000A\000C\000\040\000L\000a\000y\000e\000r}{section.2.2}% 17
\BOOKMARK [2][-]{subsection.2.2.6}{\376\377\0008\0000\0002\000.\0001\0005\000.\0004\000\040\000P\000h\000y\000s\000i\000c\000a\000l\000\040\000L\000a\000y\000e\000r}{section.2.2}% 18
\BOOKMARK [1][-]{section.2.3}{\376\377\000B\036\243\000o\000\040\000m\036\255\000t}{chapter.2}% 19
\BOOKMARK [2][-]{subsection.2.3.1}{\376\377\000B\036\243\000o\000\040\000m\036\255\000t\000\040\000t\000r\000o\000n\000g\000\040\000m\036\241\000n\000g\000\040\0006\000L\000o\000W\000P\000A\000N}{section.2.3}% 20
\BOOKMARK [2][-]{subsection.2.3.2}{\376\377\000B\036\243\000o\000\040\000m\036\255\000t\000\040\000t\000r\000o\000n\000g\000\040\000g\000i\000a\000o\000\040\000t\000h\036\351\000c\000\040\000M\000Q\000T\000T}{section.2.3}% 21
\BOOKMARK [0][-]{chapter.3}{\376\377\000T\000h\000i\036\277\000t\000\040\000k\036\277\000\040\000v\000\340\000\040\000t\000h\036\361\000c\000\040\000h\000i\036\307\000n\000\040\000p\000h\036\247\000n\000\040\000c\036\351\000n\000g}{}% 22
\BOOKMARK [1][-]{section.3.1}{\376\377\000T\036\325\000n\000g\000\040\000q\000u\000a\000n\000\040\000h\036\307\000\040\000t\000h\036\321\000n\000g}{chapter.3}% 23
\BOOKMARK [1][-]{section.3.2}{\376\377\000C\000h\000i\000\040\000t\000i\036\277\000t\000\040\000c\000\341\000c\000\040\000s\000e\000n\000s\000o\000r\000s\000\040\000v\000\340\000\040\000p\000h\036\247\000n\000\040\000c\036\351\000n\000g\000\040\000l\000i\000\352\000n\000\040\000q\000u\000a\000n}{chapter.3}% 24
\BOOKMARK [2][-]{subsection.3.2.1}{\376\377\000M\000o\000d\000u\000l\000e\000\040\000C\000C\0002\0005\0003\0008}{section.3.2}% 25
\BOOKMARK [2][-]{subsection.3.2.2}{\376\377\000C\000C\0002\0005\0003\0008\000\040\000u\000s\000b\000\040\000d\000o\000n\000g\000l\000e}{section.3.2}% 26
\BOOKMARK [2][-]{subsection.3.2.3}{\376\377\000R\000a\000s\000p\000b\000e\000r\000r\000y\000\040\000p\000i\000\040\0004}{section.3.2}% 27
\BOOKMARK [2][-]{subsection.3.2.4}{\376\377\000B\000o\000a\000r\000d\000\040\000E\000-\000H\000e\000a\000l\000t\000h}{section.3.2}% 28
\BOOKMARK [1][-]{section.3.3}{\376\377\000T\000h\000i\036\277\000t\000\040\000k\036\277\000\040\000F\000i\000r\000m\000w\000a\000r\000e}{chapter.3}% 29
\BOOKMARK [0][-]{chapter.4}{\376\377\000T\000h\000i\036\277\000t\000\040\000k\036\277\000\040\000v\000\340\000\040\000t\000h\036\361\000c\000\040\000h\000i\036\307\000n\000\040\000p\000h\036\247\000n\000\040\000m\036\301\000m}{}% 30
\BOOKMARK [1][-]{section.4.1}{\376\377\000K\000h\036\321\000i\000\040\000c\036\243\000m\000\040\000b\000i\036\277\000n}{chapter.4}% 31
\BOOKMARK [1][-]{section.4.2}{\376\377\000K\000h\036\321\000i\000\040\000b\000o\000r\000d\000e\000r\000-\000r\000o\000u\000t\000e\000r\000/\000g\000a\000t\000e\000w\000a\000y}{chapter.4}% 32
\BOOKMARK [2][-]{subsection.4.2.1}{\376\377\000T\000u\000n\000s\000l\000i\000p\0006}{section.4.2}% 33
\BOOKMARK [2][-]{subsection.4.2.2}{\376\377\000H\036\307\000\040\001\021\000i\036\301\000u\000\040\000h\000\340\000n\000h\000\040\000R\000a\000s\000p\000b\000i\000a\000n}{section.4.2}% 34
\BOOKMARK [1][-]{section.4.3}{\376\377\000K\000h\036\321\000i\000\040\036\351\000n\000g\000\040\000d\036\345\000n\000g}{chapter.4}% 35
\BOOKMARK [1][-]{section.4.4}{\376\377\000B\036\243\000o\000\040\000m\036\255\000t}{chapter.4}% 36
\BOOKMARK [0][-]{chapter.5}{\376\377\000K\036\277\000t\000\040\000q\000u\036\243\000\040\000t\000h\036\361\000c\000\040\000h\000i\036\307\000n}{}% 37
\BOOKMARK [1][-]{section.5.1}{\376\377\000K\036\277\000t\000\040\000q\000u\036\243\000\040\000t\000r\000u\000y\036\301\000n\000\040\000n\000h\036\255\000n\000\040\000t\000r\000o\000n\000g\000\040\000m\036\241\000n\000g\000\040\0006\000L\000o\000W\000P\000A\000N}{chapter.5}% 38
\BOOKMARK [1][-]{section.5.2}{\376\377\000K\036\277\000t\000\040\000q\000u\036\243\000\040\000p\000h\036\247\000n\000\040\000c\036\351\000n\000g}{chapter.5}% 39
\BOOKMARK [2][-]{subsection.5.2.1}{\376\377\000K\000h\036\321\000i\000\040\000c\036\243\000m\000\040\000b\000i\036\277\000n}{section.5.2}% 40
\BOOKMARK [2][-]{subsection.5.2.2}{\376\377\000K\000h\036\321\000i\000\040\000b\000o\000r\000d\000e\000r\000-\000r\000o\000u\000t\000e\000r\000/\000g\000a\000t\000e\000w\000a\000y}{section.5.2}% 41
\BOOKMARK [1][-]{section.5.3}{\376\377\000K\036\277\000t\000\040\000q\000u\036\243\000\040\000p\000h\036\247\000n\000\040\000m\036\301\000m}{chapter.5}% 42
\BOOKMARK [2][-]{subsection.5.3.1}{\376\377\000K\000h\036\321\000i\000\040\000c\036\243\000m\000\040\000b\000i\036\277\000n}{section.5.3}% 43
\BOOKMARK [2][-]{subsection.5.3.2}{\376\377\000K\000h\036\321\000i\000\040\000b\000o\000r\000d\000e\000r\000-\000r\000o\000u\000t\000e\000r\000/\000g\000a\000t\000e\000w\000a\000y}{section.5.3}% 44
\BOOKMARK [2][-]{subsection.5.3.3}{\376\377\000K\000h\036\321\000i\000\040\036\351\000n\000g\000\040\000d\036\345\000n\000g}{section.5.3}% 45
\BOOKMARK [0][-]{chapter.6}{\376\377\000K\036\277\000t\000\040\000l\000u\036\255\000n\000\040\000v\000\340\000\040\000h\001\260\036\333\000n\000g\000\040\000p\000h\000\341\000t\000\040\000t\000r\000i\036\303\000n}{}% 46
\BOOKMARK [1][-]{section.6.1}{\376\377\000K\036\277\000t\000\040\000l\000u\036\255\000n}{chapter.6}% 47
\BOOKMARK [2][-]{subsection.6.1.1}{\376\377\001\020\000\341\000n\000h\000\040\000g\000i\000\341}{section.6.1}% 48
\BOOKMARK [2][-]{subsection.6.1.2}{\376\377\000H\036\241\000n\000\040\000c\000h\036\277}{section.6.1}% 49
\BOOKMARK [1][-]{section.6.2}{\376\377\000H\001\260\036\333\000n\000g\000\040\000p\000h\000\341\000t\000\040\000t\000r\000i\036\303\000n}{chapter.6}% 50
\BOOKMARK [2][-]{subsection.6.2.1}{\376\377\000P\000h\000\341\000t\000\040\000t\000r\000i\036\303\000n\000\040\000p\000h\036\247\000n\000\040\000c\036\351\000n\000g\000\040\000v\000\340\000\040\000f\000i\000r\000m\000w\000a\000r\000e}{section.6.2}% 51
\BOOKMARK [2][-]{subsection.6.2.2}{\376\377\000P\000h\000\341\000t\000\040\000t\000r\000i\036\303\000n\000\040\000p\000h\036\247\000n\000\040\000m\036\301\000m}{section.6.2}% 52
